<?xml version="1.0" encoding="UTF-8"?>
<testng-results ignored="1" total="16" passed="11" failed="4" skipped="0">
  <reporter-output>
  </reporter-output>
  <suite started-at="2022-07-13T12:09:20 NPT" name="Testing ConnectedPortfolio" finished-at="2022-07-13T12:15:28 NPT" duration-ms="368291">
    <groups>
    </groups>
    <test started-at="2022-07-13T12:09:20 NPT" name="Employer Login Test" finished-at="2022-07-13T12:09:46 NPT" duration-ms="25433">
      <class name="com.connectEDPortfolio.testCases.Employer_Login">
        <test-method is-config="true" signature="onTestStart(org.testng.ITestContext)[pri:0, instance:com.connectEDPortfolio.testCases.Employer_Login@2b662a77]" started-at="2022-07-13T12:09:20 NPT" name="onTestStart" finished-at="2022-07-13T12:09:20 NPT" duration-ms="14" status="PASS">
          <params>
            <param index="0">
              <value>
                <![CDATA[org.testng.TestRunner@1118d539]]>
              </value>
            </param>
          </params>
          <reporter-output>
          </reporter-output>
        </test-method> <!-- onTestStart -->
        <test-method signature="positiveLoginTestCase()[pri:0, instance:com.connectEDPortfolio.testCases.Employer_Login@2b662a77]" started-at="2022-07-13T12:09:20 NPT" name="positiveLoginTestCase" finished-at="2022-07-13T12:09:45 NPT" duration-ms="25318" status="PASS">
          <reporter-output>
          </reporter-output>
        </test-method> <!-- positiveLoginTestCase -->
        <test-method is-config="true" signature="checkStatus(java.lang.reflect.Method,org.testng.ITestResult)[pri:0, instance:com.connectEDPortfolio.testCases.Employer_Login@2b662a77]" started-at="2022-07-13T12:09:45 NPT" name="checkStatus" finished-at="2022-07-13T12:09:45 NPT" duration-ms="20" status="PASS">
          <params>
            <param index="0">
              <value>
                <![CDATA[public void com.connectEDPortfolio.testCases.Employer_Login.positiveLoginTestCase() throws java.lang.InterruptedException]]>
              </value>
            </param>
            <param index="1">
              <value>
                <![CDATA[[TestResult name=positiveLoginTestCase status=SUCCESS method=Employer_Login.positiveLoginTestCase()[pri:0, instance:com.connectEDPortfolio.testCases.Employer_Login@2b662a77] output={null}]]]>
              </value>
            </param>
          </params>
          <reporter-output>
          </reporter-output>
        </test-method> <!-- checkStatus -->
      </class> <!-- com.connectEDPortfolio.testCases.Employer_Login -->
    </test> <!-- Employer Login Test -->
    <test started-at="2022-07-13T12:09:46 NPT" name="Employer Home Page Test- ETS02" finished-at="2022-07-13T12:10:32 NPT" duration-ms="46060">
      <class name="com.connectEDPortfolio.testCases.Employer_HomePage">
        <test-method is-config="true" signature="onTestStart(org.testng.ITestContext)[pri:0, instance:com.connectEDPortfolio.testCases.Employer_HomePage@4218d6a3]" started-at="2022-07-13T12:09:46 NPT" name="onTestStart" finished-at="2022-07-13T12:09:46 NPT" duration-ms="2" status="PASS">
          <params>
            <param index="0">
              <value>
                <![CDATA[org.testng.TestRunner@7aded903]]>
              </value>
            </param>
          </params>
          <reporter-output>
          </reporter-output>
        </test-method> <!-- onTestStart -->
        <test-method signature="homePageVerification()[pri:0, instance:com.connectEDPortfolio.testCases.Employer_HomePage@4218d6a3]" started-at="2022-07-13T12:09:46 NPT" name="homePageVerification" finished-at="2022-07-13T12:10:32 NPT" duration-ms="46048" status="PASS">
          <reporter-output>
          </reporter-output>
        </test-method> <!-- homePageVerification -->
        <test-method is-config="true" signature="checkStatus(java.lang.reflect.Method,org.testng.ITestResult)[pri:0, instance:com.connectEDPortfolio.testCases.Employer_HomePage@4218d6a3]" started-at="2022-07-13T12:10:32 NPT" name="checkStatus" finished-at="2022-07-13T12:10:32 NPT" duration-ms="2" status="PASS">
          <params>
            <param index="0">
              <value>
                <![CDATA[public static void com.connectEDPortfolio.testCases.Employer_HomePage.homePageVerification() throws java.lang.InterruptedException]]>
              </value>
            </param>
            <param index="1">
              <value>
                <![CDATA[[TestResult name=homePageVerification status=SUCCESS method=Employer_HomePage.homePageVerification()[pri:0, instance:com.connectEDPortfolio.testCases.Employer_HomePage@4218d6a3] output={null}]]]>
              </value>
            </param>
          </params>
          <reporter-output>
          </reporter-output>
        </test-method> <!-- checkStatus -->
      </class> <!-- com.connectEDPortfolio.testCases.Employer_HomePage -->
    </test> <!-- Employer Home Page Test- ETS02 -->
    <test started-at="2022-07-13T12:10:32 NPT" name="Employer News Post Test- ETS03" finished-at="2022-07-13T12:10:34 NPT" duration-ms="2163">
      <class name="com.connectEDPortfolio.testCases.Employer_NewsPost">
        <test-method is-config="true" signature="onTestStart(org.testng.ITestContext)[pri:0, instance:com.connectEDPortfolio.testCases.Employer_NewsPost@7b98f307]" started-at="2022-07-13T12:10:32 NPT" name="onTestStart" finished-at="2022-07-13T12:10:32 NPT" duration-ms="1" status="PASS">
          <params>
            <param index="0">
              <value>
                <![CDATA[org.testng.TestRunner@2db86a7c]]>
              </value>
            </param>
          </params>
          <reporter-output>
          </reporter-output>
        </test-method> <!-- onTestStart -->
        <test-method signature="emp_Create_NewsPost()[pri:0, instance:com.connectEDPortfolio.testCases.Employer_NewsPost@7b98f307]" started-at="2022-07-13T12:10:32 NPT" name="emp_Create_NewsPost" finished-at="2022-07-13T12:10:33 NPT" duration-ms="1287" status="FAIL">
          <exception class="org.openqa.selenium.ElementClickInterceptedException">
            <message>
              <![CDATA[element click intercepted: Element <a href="javascript:void(0);" class="">...</a> is not clickable at point (736, 15). Other element would receive the click: <span>...</span>
  (Session info: chrome=103.0.5060.114)
Build info: version: '4.1.3', revision: '7b1ebf28ef'
System info: host: 'DESKTOP-6JB123S', ip: '192.168.18.5', os.name: 'Windows 10', os.arch: 'amd64', os.version: '10.0', java.version: '18.0.1'
Driver info: org.openqa.selenium.chrome.ChromeDriver
Command: [35dfe220ccda228acdbdc0101e5beb7e, clickElement {id=58a964a3-a30d-4ecc-a91e-c5318c272804}]
Capabilities {acceptInsecureCerts: false, browserName: chrome, browserVersion: 103.0.5060.114, chrome: {chromedriverVersion: 102.0.5005.61 (0e59bcc00cc4..., userDataDir: C:\Users\Dell\AppData\Local...}, goog:chromeOptions: {debuggerAddress: localhost:28607}, javascriptEnabled: true, networkConnectionEnabled: false, pageLoadStrategy: normal, platform: WINDOWS, platformName: WINDOWS, proxy: Proxy(), se:cdp: ws://localhost:28607/devtoo..., se:cdpVersion: 103.0.5060.114, setWindowRect: true, strictFileInteractability: false, timeouts: {implicit: 0, pageLoad: 300000, script: 30000}, unhandledPromptBehavior: dismiss and notify, webauthn:extension:credBlob: true, webauthn:extension:largeBlob: true, webauthn:virtualAuthenticators: true}
Element: [[ChromeDriver: chrome on WINDOWS (35dfe220ccda228acdbdc0101e5beb7e)] -> xpath: //body/div[@id='om-apprenticeship-app-wrapper']/div[2]/div[1]/div[2]/div[1]/div[2]/div[1]/form[1]/div[1]/span[1]/a[1]]
Session ID: 35dfe220ccda228acdbdc0101e5beb7e]]>
            </message>
            <full-stacktrace>
              <![CDATA[org.openqa.selenium.ElementClickInterceptedException: element click intercepted: Element <a href="javascript:void(0);" class="">...</a> is not clickable at point (736, 15). Other element would receive the click: <span>...</span>
  (Session info: chrome=103.0.5060.114)
Build info: version: '4.1.3', revision: '7b1ebf28ef'
System info: host: 'DESKTOP-6JB123S', ip: '192.168.18.5', os.name: 'Windows 10', os.arch: 'amd64', os.version: '10.0', java.version: '18.0.1'
Driver info: org.openqa.selenium.chrome.ChromeDriver
Command: [35dfe220ccda228acdbdc0101e5beb7e, clickElement {id=58a964a3-a30d-4ecc-a91e-c5318c272804}]
Capabilities {acceptInsecureCerts: false, browserName: chrome, browserVersion: 103.0.5060.114, chrome: {chromedriverVersion: 102.0.5005.61 (0e59bcc00cc4..., userDataDir: C:\Users\Dell\AppData\Local...}, goog:chromeOptions: {debuggerAddress: localhost:28607}, javascriptEnabled: true, networkConnectionEnabled: false, pageLoadStrategy: normal, platform: WINDOWS, platformName: WINDOWS, proxy: Proxy(), se:cdp: ws://localhost:28607/devtoo..., se:cdpVersion: 103.0.5060.114, setWindowRect: true, strictFileInteractability: false, timeouts: {implicit: 0, pageLoad: 300000, script: 30000}, unhandledPromptBehavior: dismiss and notify, webauthn:extension:credBlob: true, webauthn:extension:largeBlob: true, webauthn:virtualAuthenticators: true}
Element: [[ChromeDriver: chrome on WINDOWS (35dfe220ccda228acdbdc0101e5beb7e)] -> xpath: //body/div[@id='om-apprenticeship-app-wrapper']/div[2]/div[1]/div[2]/div[1]/div[2]/div[1]/form[1]/div[1]/span[1]/a[1]]
Session ID: 35dfe220ccda228acdbdc0101e5beb7e
at java.base/jdk.internal.reflect.DirectConstructorHandleAccessor.newInstance(DirectConstructorHandleAccessor.java:67)
at java.base/java.lang.reflect.Constructor.newInstanceWithCaller(Constructor.java:499)
at java.base/java.lang.reflect.Constructor.newInstance(Constructor.java:483)
at org.openqa.selenium.remote.codec.w3c.W3CHttpResponseCodec.createException(W3CHttpResponseCodec.java:200)
at org.openqa.selenium.remote.codec.w3c.W3CHttpResponseCodec.decode(W3CHttpResponseCodec.java:133)
at org.openqa.selenium.remote.codec.w3c.W3CHttpResponseCodec.decode(W3CHttpResponseCodec.java:53)
at org.openqa.selenium.remote.HttpCommandExecutor.execute(HttpCommandExecutor.java:184)
at org.openqa.selenium.remote.service.DriverCommandExecutor.invokeExecute(DriverCommandExecutor.java:167)
at org.openqa.selenium.remote.service.DriverCommandExecutor.execute(DriverCommandExecutor.java:142)
at org.openqa.selenium.remote.RemoteWebDriver.execute(RemoteWebDriver.java:567)
at org.openqa.selenium.remote.RemoteWebElement.execute(RemoteWebElement.java:251)
at org.openqa.selenium.remote.RemoteWebElement.click(RemoteWebElement.java:77)
at com.connectEDPortfolio.testCases.Employer_NewsPost.emp_Create_NewsPost(Employer_NewsPost.java:33)
at java.base/jdk.internal.reflect.DirectMethodHandleAccessor.invoke(DirectMethodHandleAccessor.java:104)
at java.base/java.lang.reflect.Method.invoke(Method.java:577)
at org.testng.internal.invokers.MethodInvocationHelper.invokeMethod(MethodInvocationHelper.java:135)
at org.testng.internal.invokers.TestInvoker.invokeMethod(TestInvoker.java:673)
at org.testng.internal.invokers.TestInvoker.invokeTestMethod(TestInvoker.java:220)
at org.testng.internal.invokers.MethodRunner.runInSequence(MethodRunner.java:50)
at org.testng.internal.invokers.TestInvoker$MethodInvocationAgent.invoke(TestInvoker.java:945)
at org.testng.internal.invokers.TestInvoker.invokeTestMethods(TestInvoker.java:193)
at org.testng.internal.invokers.TestMethodWorker.invokeTestMethods(TestMethodWorker.java:146)
at org.testng.internal.invokers.TestMethodWorker.run(TestMethodWorker.java:128)
at java.base/java.util.ArrayList.forEach(ArrayList.java:1511)
at org.testng.TestRunner.privateRun(TestRunner.java:808)
at org.testng.TestRunner.run(TestRunner.java:603)
at org.testng.SuiteRunner.runTest(SuiteRunner.java:429)
at org.testng.SuiteRunner.runSequentially(SuiteRunner.java:423)
at org.testng.SuiteRunner.privateRun(SuiteRunner.java:383)
at org.testng.SuiteRunner.run(SuiteRunner.java:326)
at org.testng.SuiteRunnerWorker.runSuite(SuiteRunnerWorker.java:52)
at org.testng.SuiteRunnerWorker.run(SuiteRunnerWorker.java:95)
at org.testng.TestNG.runSuitesSequentially(TestNG.java:1249)
at org.testng.TestNG.runSuitesLocally(TestNG.java:1169)
at org.testng.TestNG.runSuites(TestNG.java:1092)
at org.testng.TestNG.run(TestNG.java:1060)
at org.testng.remote.AbstractRemoteTestNG.run(AbstractRemoteTestNG.java:115)
at org.testng.remote.RemoteTestNG.initAndRun(RemoteTestNG.java:251)
at org.testng.remote.RemoteTestNG.main(RemoteTestNG.java:77)
]]>
            </full-stacktrace>
          </exception> <!-- org.openqa.selenium.ElementClickInterceptedException -->
          <reporter-output>
          </reporter-output>
        </test-method> <!-- emp_Create_NewsPost -->
        <test-method is-config="true" signature="checkStatus(java.lang.reflect.Method,org.testng.ITestResult)[pri:0, instance:com.connectEDPortfolio.testCases.Employer_NewsPost@7b98f307]" started-at="2022-07-13T12:10:33 NPT" name="checkStatus" finished-at="2022-07-13T12:10:34 NPT" duration-ms="852" status="PASS">
          <params>
            <param index="0">
              <value>
                <![CDATA[void com.connectEDPortfolio.testCases.Employer_NewsPost.emp_Create_NewsPost() throws java.lang.InterruptedException,java.awt.AWTException]]>
              </value>
            </param>
            <param index="1">
              <value>
                <![CDATA[[TestResult name=emp_Create_NewsPost status=FAILURE method=Employer_NewsPost.emp_Create_NewsPost()[pri:0, instance:com.connectEDPortfolio.testCases.Employer_NewsPost@7b98f307] output={null}]]]>
              </value>
            </param>
          </params>
          <reporter-output>
          </reporter-output>
        </test-method> <!-- checkStatus -->
      </class> <!-- com.connectEDPortfolio.testCases.Employer_NewsPost -->
    </test> <!-- Employer News Post Test- ETS03 -->
    <test started-at="2022-07-13T12:10:34 NPT" name="features from Student Page of Employer test- ETS04" finished-at="2022-07-13T12:12:14 NPT" duration-ms="100139">
      <class name="com.connectEDPortfolio.testCases.Employer_Student_Page">
        <test-method is-config="true" signature="onTestStart(org.testng.ITestContext)[pri:0, instance:com.connectEDPortfolio.testCases.Employer_Student_Page@515c6049]" started-at="2022-07-13T12:10:34 NPT" name="onTestStart" finished-at="2022-07-13T12:10:34 NPT" duration-ms="2" status="PASS">
          <params>
            <param index="0">
              <value>
                <![CDATA[org.testng.TestRunner@261f359f]]>
              </value>
            </param>
          </params>
          <reporter-output>
          </reporter-output>
        </test-method> <!-- onTestStart -->
        <test-method signature="goToStudentPage()[pri:0, instance:com.connectEDPortfolio.testCases.Employer_Student_Page@515c6049]" started-at="2022-07-13T12:10:34 NPT" name="goToStudentPage" finished-at="2022-07-13T12:10:39 NPT" duration-ms="5131" status="PASS">
          <reporter-output>
          </reporter-output>
        </test-method> <!-- goToStudentPage -->
        <test-method is-config="true" signature="checkStatus(java.lang.reflect.Method,org.testng.ITestResult)[pri:0, instance:com.connectEDPortfolio.testCases.Employer_Student_Page@515c6049]" started-at="2022-07-13T12:10:39 NPT" name="checkStatus" finished-at="2022-07-13T12:10:39 NPT" duration-ms="1" status="PASS">
          <params>
            <param index="0">
              <value>
                <![CDATA[public void com.connectEDPortfolio.testCases.Employer_Student_Page.goToStudentPage() throws java.lang.InterruptedException]]>
              </value>
            </param>
            <param index="1">
              <value>
                <![CDATA[[TestResult name=goToStudentPage status=SUCCESS method=Employer_Student_Page.goToStudentPage()[pri:0, instance:com.connectEDPortfolio.testCases.Employer_Student_Page@515c6049] output={null}]]]>
              </value>
            </param>
          </params>
          <reporter-output>
          </reporter-output>
        </test-method> <!-- checkStatus -->
        <test-method signature="searchStudent()[pri:1, instance:com.connectEDPortfolio.testCases.Employer_Student_Page@515c6049]" started-at="2022-07-13T12:10:39 NPT" name="searchStudent" finished-at="2022-07-13T12:10:46 NPT" duration-ms="6406" status="PASS">
          <reporter-output>
          </reporter-output>
        </test-method> <!-- searchStudent -->
        <test-method is-config="true" signature="checkStatus(java.lang.reflect.Method,org.testng.ITestResult)[pri:0, instance:com.connectEDPortfolio.testCases.Employer_Student_Page@515c6049]" started-at="2022-07-13T12:10:46 NPT" name="checkStatus" finished-at="2022-07-13T12:10:46 NPT" duration-ms="2" status="PASS">
          <params>
            <param index="0">
              <value>
                <![CDATA[public void com.connectEDPortfolio.testCases.Employer_Student_Page.searchStudent() throws java.lang.InterruptedException]]>
              </value>
            </param>
            <param index="1">
              <value>
                <![CDATA[[TestResult name=searchStudent status=SUCCESS method=Employer_Student_Page.searchStudent()[pri:1, instance:com.connectEDPortfolio.testCases.Employer_Student_Page@515c6049] output={null}]]]>
              </value>
            </param>
          </params>
          <reporter-output>
          </reporter-output>
        </test-method> <!-- checkStatus -->
        <test-method signature="filterStudentByProgName()[pri:2, instance:com.connectEDPortfolio.testCases.Employer_Student_Page@515c6049]" started-at="2022-07-13T12:10:46 NPT" name="filterStudentByProgName" finished-at="2022-07-13T12:10:57 NPT" duration-ms="11714" status="PASS">
          <reporter-output>
          </reporter-output>
        </test-method> <!-- filterStudentByProgName -->
        <test-method is-config="true" signature="checkStatus(java.lang.reflect.Method,org.testng.ITestResult)[pri:0, instance:com.connectEDPortfolio.testCases.Employer_Student_Page@515c6049]" started-at="2022-07-13T12:10:57 NPT" name="checkStatus" finished-at="2022-07-13T12:10:57 NPT" duration-ms="1" status="PASS">
          <params>
            <param index="0">
              <value>
                <![CDATA[public void com.connectEDPortfolio.testCases.Employer_Student_Page.filterStudentByProgName() throws java.lang.InterruptedException]]>
              </value>
            </param>
            <param index="1">
              <value>
                <![CDATA[[TestResult name=filterStudentByProgName status=SUCCESS method=Employer_Student_Page.filterStudentByProgName()[pri:2, instance:com.connectEDPortfolio.testCases.Employer_Student_Page@515c6049] output={null}]]]>
              </value>
            </param>
          </params>
          <reporter-output>
          </reporter-output>
        </test-method> <!-- checkStatus -->
        <test-method signature="viewProgressBtnFromModal()[pri:3, instance:com.connectEDPortfolio.testCases.Employer_Student_Page@515c6049]" started-at="2022-07-13T12:10:57 NPT" name="viewProgressBtnFromModal" finished-at="2022-07-13T12:11:10 NPT" duration-ms="12375" status="PASS">
          <reporter-output>
          </reporter-output>
        </test-method> <!-- viewProgressBtnFromModal -->
        <test-method is-config="true" signature="checkStatus(java.lang.reflect.Method,org.testng.ITestResult)[pri:0, instance:com.connectEDPortfolio.testCases.Employer_Student_Page@515c6049]" started-at="2022-07-13T12:11:10 NPT" name="checkStatus" finished-at="2022-07-13T12:11:10 NPT" duration-ms="2" status="PASS">
          <params>
            <param index="0">
              <value>
                <![CDATA[public void com.connectEDPortfolio.testCases.Employer_Student_Page.viewProgressBtnFromModal() throws java.lang.InterruptedException]]>
              </value>
            </param>
            <param index="1">
              <value>
                <![CDATA[[TestResult name=viewProgressBtnFromModal status=SUCCESS method=Employer_Student_Page.viewProgressBtnFromModal()[pri:3, instance:com.connectEDPortfolio.testCases.Employer_Student_Page@515c6049] output={null}]]]>
              </value>
            </param>
          </params>
          <reporter-output>
          </reporter-output>
        </test-method> <!-- checkStatus -->
        <test-method signature="editStudent()[pri:4, instance:com.connectEDPortfolio.testCases.Employer_Student_Page@515c6049]" started-at="2022-07-13T12:11:10 NPT" name="editStudent" finished-at="2022-07-13T12:12:06 NPT" duration-ms="56646" status="PASS">
          <reporter-output>
          </reporter-output>
        </test-method> <!-- editStudent -->
        <test-method is-config="true" signature="checkStatus(java.lang.reflect.Method,org.testng.ITestResult)[pri:0, instance:com.connectEDPortfolio.testCases.Employer_Student_Page@515c6049]" started-at="2022-07-13T12:12:06 NPT" name="checkStatus" finished-at="2022-07-13T12:12:06 NPT" duration-ms="1" status="PASS">
          <params>
            <param index="0">
              <value>
                <![CDATA[public void com.connectEDPortfolio.testCases.Employer_Student_Page.editStudent() throws java.lang.InterruptedException,java.awt.AWTException]]>
              </value>
            </param>
            <param index="1">
              <value>
                <![CDATA[[TestResult name=editStudent status=SUCCESS method=Employer_Student_Page.editStudent()[pri:4, instance:com.connectEDPortfolio.testCases.Employer_Student_Page@515c6049] output={null}]]]>
              </value>
            </param>
          </params>
          <reporter-output>
          </reporter-output>
        </test-method> <!-- checkStatus -->
        <test-method signature="deleteStudent()[pri:5, instance:com.connectEDPortfolio.testCases.Employer_Student_Page@515c6049]" started-at="2022-07-13T12:12:06 NPT" name="deleteStudent" finished-at="2022-07-13T12:12:14 NPT" duration-ms="7791" status="PASS">
          <reporter-output>
          </reporter-output>
        </test-method> <!-- deleteStudent -->
        <test-method is-config="true" signature="checkStatus(java.lang.reflect.Method,org.testng.ITestResult)[pri:0, instance:com.connectEDPortfolio.testCases.Employer_Student_Page@515c6049]" started-at="2022-07-13T12:12:14 NPT" name="checkStatus" finished-at="2022-07-13T12:12:14 NPT" duration-ms="1" status="PASS">
          <params>
            <param index="0">
              <value>
                <![CDATA[public void com.connectEDPortfolio.testCases.Employer_Student_Page.deleteStudent() throws java.lang.InterruptedException]]>
              </value>
            </param>
            <param index="1">
              <value>
                <![CDATA[[TestResult name=deleteStudent status=SUCCESS method=Employer_Student_Page.deleteStudent()[pri:5, instance:com.connectEDPortfolio.testCases.Employer_Student_Page@515c6049] output={null}]]]>
              </value>
            </param>
          </params>
          <reporter-output>
          </reporter-output>
        </test-method> <!-- checkStatus -->
      </class> <!-- com.connectEDPortfolio.testCases.Employer_Student_Page -->
    </test> <!-- features from Student Page of Employer test- ETS04 -->
    <test started-at="2022-07-13T12:12:14 NPT" name="Employer Create Student Testcase - ETS05" finished-at="2022-07-13T12:14:37 NPT" duration-ms="142397">
      <class name="com.connectEDPortfolio.testCases.Employer_Create_Student_ETS05">
        <test-method is-config="true" signature="onTestStart(org.testng.ITestContext)[pri:0, instance:com.connectEDPortfolio.testCases.Employer_Create_Student_ETS05@75d4a5c2]" started-at="2022-07-13T12:12:14 NPT" name="onTestStart" finished-at="2022-07-13T12:12:14 NPT" duration-ms="0" status="PASS">
          <params>
            <param index="0">
              <value>
                <![CDATA[org.testng.TestRunner@5b02a984]]>
              </value>
            </param>
          </params>
          <reporter-output>
          </reporter-output>
        </test-method> <!-- onTestStart -->
        <test-method signature="addNewStudent()[pri:0, instance:com.connectEDPortfolio.testCases.Employer_Create_Student_ETS05@75d4a5c2]" started-at="2022-07-13T12:12:14 NPT" name="addNewStudent" finished-at="2022-07-13T12:13:05 NPT" duration-ms="50390" status="FAIL">
          <exception class="java.lang.AssertionError">
            <message>
              <![CDATA[The following asserts failed:
expected [true] but found [false]]]>
            </message>
            <full-stacktrace>
              <![CDATA[java.lang.AssertionError: The following asserts failed:
expected [true] but found [false]
at org.testng.asserts.SoftAssert.assertAll(SoftAssert.java:46)
at org.testng.asserts.SoftAssert.assertAll(SoftAssert.java:30)
at com.connectEDPortfolio.testCases.Employer_Create_Student_ETS05.addNewStudent(Employer_Create_Student_ETS05.java:131)
at java.base/jdk.internal.reflect.DirectMethodHandleAccessor.invoke(DirectMethodHandleAccessor.java:104)
at java.base/java.lang.reflect.Method.invoke(Method.java:577)
at org.testng.internal.invokers.MethodInvocationHelper.invokeMethod(MethodInvocationHelper.java:135)
at org.testng.internal.invokers.TestInvoker.invokeMethod(TestInvoker.java:673)
at org.testng.internal.invokers.TestInvoker.invokeTestMethod(TestInvoker.java:220)
at org.testng.internal.invokers.MethodRunner.runInSequence(MethodRunner.java:50)
at org.testng.internal.invokers.TestInvoker$MethodInvocationAgent.invoke(TestInvoker.java:945)
at org.testng.internal.invokers.TestInvoker.invokeTestMethods(TestInvoker.java:193)
at org.testng.internal.invokers.TestMethodWorker.invokeTestMethods(TestMethodWorker.java:146)
at org.testng.internal.invokers.TestMethodWorker.run(TestMethodWorker.java:128)
at java.base/java.util.ArrayList.forEach(ArrayList.java:1511)
at org.testng.TestRunner.privateRun(TestRunner.java:808)
at org.testng.TestRunner.run(TestRunner.java:603)
at org.testng.SuiteRunner.runTest(SuiteRunner.java:429)
at org.testng.SuiteRunner.runSequentially(SuiteRunner.java:423)
at org.testng.SuiteRunner.privateRun(SuiteRunner.java:383)
at org.testng.SuiteRunner.run(SuiteRunner.java:326)
at org.testng.SuiteRunnerWorker.runSuite(SuiteRunnerWorker.java:52)
at org.testng.SuiteRunnerWorker.run(SuiteRunnerWorker.java:95)
at org.testng.TestNG.runSuitesSequentially(TestNG.java:1249)
at org.testng.TestNG.runSuitesLocally(TestNG.java:1169)
at org.testng.TestNG.runSuites(TestNG.java:1092)
at org.testng.TestNG.run(TestNG.java:1060)
at org.testng.remote.AbstractRemoteTestNG.run(AbstractRemoteTestNG.java:115)
at org.testng.remote.RemoteTestNG.initAndRun(RemoteTestNG.java:251)
at org.testng.remote.RemoteTestNG.main(RemoteTestNG.java:77)
]]>
            </full-stacktrace>
          </exception> <!-- java.lang.AssertionError -->
          <reporter-output>
          </reporter-output>
        </test-method> <!-- addNewStudent -->
        <test-method is-config="true" signature="checkStatus(java.lang.reflect.Method,org.testng.ITestResult)[pri:0, instance:com.connectEDPortfolio.testCases.Employer_Create_Student_ETS05@75d4a5c2]" started-at="2022-07-13T12:13:05 NPT" name="checkStatus" finished-at="2022-07-13T12:13:05 NPT" duration-ms="189" status="PASS">
          <params>
            <param index="0">
              <value>
                <![CDATA[public void com.connectEDPortfolio.testCases.Employer_Create_Student_ETS05.addNewStudent() throws java.lang.InterruptedException,java.awt.AWTException]]>
              </value>
            </param>
            <param index="1">
              <value>
                <![CDATA[[TestResult name=addNewStudent status=FAILURE method=Employer_Create_Student_ETS05.addNewStudent()[pri:0, instance:com.connectEDPortfolio.testCases.Employer_Create_Student_ETS05@75d4a5c2] output={null}]]]>
              </value>
            </param>
          </params>
          <reporter-output>
          </reporter-output>
        </test-method> <!-- checkStatus -->
        <test-method signature="assignProgToExistingStu()[pri:1, instance:com.connectEDPortfolio.testCases.Employer_Create_Student_ETS05@75d4a5c2]" started-at="2022-07-13T12:13:05 NPT" name="assignProgToExistingStu" finished-at="2022-07-13T12:13:58 NPT" duration-ms="52950" status="FAIL">
          <exception class="java.lang.AssertionError">
            <message>
              <![CDATA[The following asserts failed:
expected [true] but found [false]]]>
            </message>
            <full-stacktrace>
              <![CDATA[java.lang.AssertionError: The following asserts failed:
expected [true] but found [false]
at org.testng.asserts.SoftAssert.assertAll(SoftAssert.java:46)
at org.testng.asserts.SoftAssert.assertAll(SoftAssert.java:30)
at com.connectEDPortfolio.testCases.Employer_Create_Student_ETS05.assignProgToExistingStu(Employer_Create_Student_ETS05.java:252)
at java.base/jdk.internal.reflect.DirectMethodHandleAccessor.invoke(DirectMethodHandleAccessor.java:104)
at java.base/java.lang.reflect.Method.invoke(Method.java:577)
at org.testng.internal.invokers.MethodInvocationHelper.invokeMethod(MethodInvocationHelper.java:135)
at org.testng.internal.invokers.TestInvoker.invokeMethod(TestInvoker.java:673)
at org.testng.internal.invokers.TestInvoker.invokeTestMethod(TestInvoker.java:220)
at org.testng.internal.invokers.MethodRunner.runInSequence(MethodRunner.java:50)
at org.testng.internal.invokers.TestInvoker$MethodInvocationAgent.invoke(TestInvoker.java:945)
at org.testng.internal.invokers.TestInvoker.invokeTestMethods(TestInvoker.java:193)
at org.testng.internal.invokers.TestMethodWorker.invokeTestMethods(TestMethodWorker.java:146)
at org.testng.internal.invokers.TestMethodWorker.run(TestMethodWorker.java:128)
at java.base/java.util.ArrayList.forEach(ArrayList.java:1511)
at org.testng.TestRunner.privateRun(TestRunner.java:808)
at org.testng.TestRunner.run(TestRunner.java:603)
at org.testng.SuiteRunner.runTest(SuiteRunner.java:429)
at org.testng.SuiteRunner.runSequentially(SuiteRunner.java:423)
at org.testng.SuiteRunner.privateRun(SuiteRunner.java:383)
at org.testng.SuiteRunner.run(SuiteRunner.java:326)
at org.testng.SuiteRunnerWorker.runSuite(SuiteRunnerWorker.java:52)
at org.testng.SuiteRunnerWorker.run(SuiteRunnerWorker.java:95)
at org.testng.TestNG.runSuitesSequentially(TestNG.java:1249)
at org.testng.TestNG.runSuitesLocally(TestNG.java:1169)
at org.testng.TestNG.runSuites(TestNG.java:1092)
at org.testng.TestNG.run(TestNG.java:1060)
at org.testng.remote.AbstractRemoteTestNG.run(AbstractRemoteTestNG.java:115)
at org.testng.remote.RemoteTestNG.initAndRun(RemoteTestNG.java:251)
at org.testng.remote.RemoteTestNG.main(RemoteTestNG.java:77)
]]>
            </full-stacktrace>
          </exception> <!-- java.lang.AssertionError -->
          <reporter-output>
          </reporter-output>
        </test-method> <!-- assignProgToExistingStu -->
        <test-method is-config="true" signature="checkStatus(java.lang.reflect.Method,org.testng.ITestResult)[pri:0, instance:com.connectEDPortfolio.testCases.Employer_Create_Student_ETS05@75d4a5c2]" started-at="2022-07-13T12:13:58 NPT" name="checkStatus" finished-at="2022-07-13T12:13:58 NPT" duration-ms="188" status="PASS">
          <params>
            <param index="0">
              <value>
                <![CDATA[public void com.connectEDPortfolio.testCases.Employer_Create_Student_ETS05.assignProgToExistingStu() throws java.lang.InterruptedException]]>
              </value>
            </param>
            <param index="1">
              <value>
                <![CDATA[[TestResult name=assignProgToExistingStu status=FAILURE method=Employer_Create_Student_ETS05.assignProgToExistingStu()[pri:1, instance:com.connectEDPortfolio.testCases.Employer_Create_Student_ETS05@75d4a5c2] output={null}]]]>
              </value>
            </param>
          </params>
          <reporter-output>
          </reporter-output>
        </test-method> <!-- checkStatus -->
        <test-method signature="addStudentNegativeTest()[pri:2, instance:com.connectEDPortfolio.testCases.Employer_Create_Student_ETS05@75d4a5c2]" started-at="2022-07-13T12:13:58 NPT" name="addStudentNegativeTest" finished-at="2022-07-13T12:14:35 NPT" duration-ms="37324" status="PASS">
          <reporter-output>
          </reporter-output>
        </test-method> <!-- addStudentNegativeTest -->
        <test-method is-config="true" signature="checkStatus(java.lang.reflect.Method,org.testng.ITestResult)[pri:0, instance:com.connectEDPortfolio.testCases.Employer_Create_Student_ETS05@75d4a5c2]" started-at="2022-07-13T12:14:35 NPT" name="checkStatus" finished-at="2022-07-13T12:14:35 NPT" duration-ms="2" status="PASS">
          <params>
            <param index="0">
              <value>
                <![CDATA[public void com.connectEDPortfolio.testCases.Employer_Create_Student_ETS05.addStudentNegativeTest() throws java.lang.InterruptedException]]>
              </value>
            </param>
            <param index="1">
              <value>
                <![CDATA[[TestResult name=addStudentNegativeTest status=SUCCESS method=Employer_Create_Student_ETS05.addStudentNegativeTest()[pri:2, instance:com.connectEDPortfolio.testCases.Employer_Create_Student_ETS05@75d4a5c2] output={null}]]]>
              </value>
            </param>
          </params>
          <reporter-output>
          </reporter-output>
        </test-method> <!-- checkStatus -->
        <test-method signature="bulkImportStudent()[pri:3, instance:com.connectEDPortfolio.testCases.Employer_Create_Student_ETS05@75d4a5c2]" started-at="2022-07-13T12:14:35 NPT" name="bulkImportStudent" finished-at="2022-07-13T12:14:36 NPT" duration-ms="1133" status="FAIL">
          <exception class="org.openqa.selenium.ElementClickInterceptedException">
            <message>
              <![CDATA[element click intercepted: Element <a href="/employer/student/bulk-import" class="common-button btn-info heading-lg-btn-2">...</a> is not clickable at point (1125, 18). Other element would receive the click: <li class="dropdown">...</li>
  (Session info: chrome=103.0.5060.114)
Build info: version: '4.1.3', revision: '7b1ebf28ef'
System info: host: 'DESKTOP-6JB123S', ip: '192.168.18.5', os.name: 'Windows 10', os.arch: 'amd64', os.version: '10.0', java.version: '18.0.1'
Driver info: org.openqa.selenium.chrome.ChromeDriver
Command: [35dfe220ccda228acdbdc0101e5beb7e, clickElement {id=73fa8eb1-d255-4dd3-b90b-806940d1679e}]
Capabilities {acceptInsecureCerts: false, browserName: chrome, browserVersion: 103.0.5060.114, chrome: {chromedriverVersion: 102.0.5005.61 (0e59bcc00cc4..., userDataDir: C:\Users\Dell\AppData\Local...}, goog:chromeOptions: {debuggerAddress: localhost:28607}, javascriptEnabled: true, networkConnectionEnabled: false, pageLoadStrategy: normal, platform: WINDOWS, platformName: WINDOWS, proxy: Proxy(), se:cdp: ws://localhost:28607/devtoo..., se:cdpVersion: 103.0.5060.114, setWindowRect: true, strictFileInteractability: false, timeouts: {implicit: 0, pageLoad: 300000, script: 30000}, unhandledPromptBehavior: dismiss and notify, webauthn:extension:credBlob: true, webauthn:extension:largeBlob: true, webauthn:virtualAuthenticators: true}
Element: [[ChromeDriver: chrome on WINDOWS (35dfe220ccda228acdbdc0101e5beb7e)] -> xpath: //a[contains(text(),'Bulk Import')]]
Session ID: 35dfe220ccda228acdbdc0101e5beb7e]]>
            </message>
            <full-stacktrace>
              <![CDATA[org.openqa.selenium.ElementClickInterceptedException: element click intercepted: Element <a href="/employer/student/bulk-import" class="common-button btn-info heading-lg-btn-2">...</a> is not clickable at point (1125, 18). Other element would receive the click: <li class="dropdown">...</li>
  (Session info: chrome=103.0.5060.114)
Build info: version: '4.1.3', revision: '7b1ebf28ef'
System info: host: 'DESKTOP-6JB123S', ip: '192.168.18.5', os.name: 'Windows 10', os.arch: 'amd64', os.version: '10.0', java.version: '18.0.1'
Driver info: org.openqa.selenium.chrome.ChromeDriver
Command: [35dfe220ccda228acdbdc0101e5beb7e, clickElement {id=73fa8eb1-d255-4dd3-b90b-806940d1679e}]
Capabilities {acceptInsecureCerts: false, browserName: chrome, browserVersion: 103.0.5060.114, chrome: {chromedriverVersion: 102.0.5005.61 (0e59bcc00cc4..., userDataDir: C:\Users\Dell\AppData\Local...}, goog:chromeOptions: {debuggerAddress: localhost:28607}, javascriptEnabled: true, networkConnectionEnabled: false, pageLoadStrategy: normal, platform: WINDOWS, platformName: WINDOWS, proxy: Proxy(), se:cdp: ws://localhost:28607/devtoo..., se:cdpVersion: 103.0.5060.114, setWindowRect: true, strictFileInteractability: false, timeouts: {implicit: 0, pageLoad: 300000, script: 30000}, unhandledPromptBehavior: dismiss and notify, webauthn:extension:credBlob: true, webauthn:extension:largeBlob: true, webauthn:virtualAuthenticators: true}
Element: [[ChromeDriver: chrome on WINDOWS (35dfe220ccda228acdbdc0101e5beb7e)] -> xpath: //a[contains(text(),'Bulk Import')]]
Session ID: 35dfe220ccda228acdbdc0101e5beb7e
at java.base/jdk.internal.reflect.DirectConstructorHandleAccessor.newInstance(DirectConstructorHandleAccessor.java:67)
at java.base/java.lang.reflect.Constructor.newInstanceWithCaller(Constructor.java:499)
at java.base/java.lang.reflect.Constructor.newInstance(Constructor.java:483)
at org.openqa.selenium.remote.codec.w3c.W3CHttpResponseCodec.createException(W3CHttpResponseCodec.java:200)
at org.openqa.selenium.remote.codec.w3c.W3CHttpResponseCodec.decode(W3CHttpResponseCodec.java:133)
at org.openqa.selenium.remote.codec.w3c.W3CHttpResponseCodec.decode(W3CHttpResponseCodec.java:53)
at org.openqa.selenium.remote.HttpCommandExecutor.execute(HttpCommandExecutor.java:184)
at org.openqa.selenium.remote.service.DriverCommandExecutor.invokeExecute(DriverCommandExecutor.java:167)
at org.openqa.selenium.remote.service.DriverCommandExecutor.execute(DriverCommandExecutor.java:142)
at org.openqa.selenium.remote.RemoteWebDriver.execute(RemoteWebDriver.java:567)
at org.openqa.selenium.remote.RemoteWebElement.execute(RemoteWebElement.java:251)
at org.openqa.selenium.remote.RemoteWebElement.click(RemoteWebElement.java:77)
at com.connectEDPortfolio.testCases.Employer_Create_Student_ETS05.bulkImportStudent(Employer_Create_Student_ETS05.java:390)
at java.base/jdk.internal.reflect.DirectMethodHandleAccessor.invoke(DirectMethodHandleAccessor.java:104)
at java.base/java.lang.reflect.Method.invoke(Method.java:577)
at org.testng.internal.invokers.MethodInvocationHelper.invokeMethod(MethodInvocationHelper.java:135)
at org.testng.internal.invokers.TestInvoker.invokeMethod(TestInvoker.java:673)
at org.testng.internal.invokers.TestInvoker.invokeTestMethod(TestInvoker.java:220)
at org.testng.internal.invokers.MethodRunner.runInSequence(MethodRunner.java:50)
at org.testng.internal.invokers.TestInvoker$MethodInvocationAgent.invoke(TestInvoker.java:945)
at org.testng.internal.invokers.TestInvoker.invokeTestMethods(TestInvoker.java:193)
at org.testng.internal.invokers.TestMethodWorker.invokeTestMethods(TestMethodWorker.java:146)
at org.testng.internal.invokers.TestMethodWorker.run(TestMethodWorker.java:128)
at java.base/java.util.ArrayList.forEach(ArrayList.java:1511)
at org.testng.TestRunner.privateRun(TestRunner.java:808)
at org.testng.TestRunner.run(TestRunner.java:603)
at org.testng.SuiteRunner.runTest(SuiteRunner.java:429)
at org.testng.SuiteRunner.runSequentially(SuiteRunner.java:423)
at org.testng.SuiteRunner.privateRun(SuiteRunner.java:383)
at org.testng.SuiteRunner.run(SuiteRunner.java:326)
at org.testng.SuiteRunnerWorker.runSuite(SuiteRunnerWorker.java:52)
at org.testng.SuiteRunnerWorker.run(SuiteRunnerWorker.java:95)
at org.testng.TestNG.runSuitesSequentially(TestNG.java:1249)
at org.testng.TestNG.runSuitesLocally(TestNG.java:1169)
at org.testng.TestNG.runSuites(TestNG.java:1092)
at org.testng.TestNG.run(TestNG.java:1060)
at org.testng.remote.AbstractRemoteTestNG.run(AbstractRemoteTestNG.java:115)
at org.testng.remote.RemoteTestNG.initAndRun(RemoteTestNG.java:251)
at org.testng.remote.RemoteTestNG.main(RemoteTestNG.java:77)
]]>
            </full-stacktrace>
          </exception> <!-- org.openqa.selenium.ElementClickInterceptedException -->
          <reporter-output>
          </reporter-output>
        </test-method> <!-- bulkImportStudent -->
        <test-method is-config="true" signature="checkStatus(java.lang.reflect.Method,org.testng.ITestResult)[pri:0, instance:com.connectEDPortfolio.testCases.Employer_Create_Student_ETS05@75d4a5c2]" started-at="2022-07-13T12:14:36 NPT" name="checkStatus" finished-at="2022-07-13T12:14:37 NPT" duration-ms="187" status="PASS">
          <params>
            <param index="0">
              <value>
                <![CDATA[public void com.connectEDPortfolio.testCases.Employer_Create_Student_ETS05.bulkImportStudent() throws java.lang.InterruptedException,java.awt.AWTException]]>
              </value>
            </param>
            <param index="1">
              <value>
                <![CDATA[[TestResult name=bulkImportStudent status=FAILURE method=Employer_Create_Student_ETS05.bulkImportStudent()[pri:3, instance:com.connectEDPortfolio.testCases.Employer_Create_Student_ETS05@75d4a5c2] output={null}]]]>
              </value>
            </param>
          </params>
          <reporter-output>
          </reporter-output>
        </test-method> <!-- checkStatus -->
      </class> <!-- com.connectEDPortfolio.testCases.Employer_Create_Student_ETS05 -->
    </test> <!-- Employer Create Student Testcase - ETS05 -->
    <test started-at="2022-07-13T12:14:37 NPT" name="Employer Student program detail page Testcase - ETS06" finished-at="2022-07-13T12:15:28 NPT" duration-ms="51700">
      <class name="com.connectEDPortfolio.testCases.Employer_Student_Prog_Detail_Page_ETS06">
        <test-method is-config="true" signature="setup(java.lang.String)[pri:0, instance:com.connectEDPortfolio.testCases.Employer_Student_Prog_Detail_Page_ETS06@22555ebf]" started-at="2022-07-13T12:09:08 NPT" name="setup" finished-at="2022-07-13T12:09:20 NPT" duration-ms="12544" status="PASS">
          <params>
            <param index="0">
              <value>
                <![CDATA[chrome]]>
              </value>
            </param>
          </params>
          <reporter-output>
          </reporter-output>
        </test-method> <!-- setup -->
        <test-method is-config="true" signature="onTestStart(org.testng.ITestContext)[pri:0, instance:com.connectEDPortfolio.testCases.Employer_Student_Prog_Detail_Page_ETS06@22555ebf]" started-at="2022-07-13T12:14:37 NPT" name="onTestStart" finished-at="2022-07-13T12:14:37 NPT" duration-ms="0" status="PASS">
          <params>
            <param index="0">
              <value>
                <![CDATA[org.testng.TestRunner@57186526]]>
              </value>
            </param>
          </params>
          <reporter-output>
          </reporter-output>
        </test-method> <!-- onTestStart -->
        <test-method signature="viewParticularStudent()[pri:0, instance:com.connectEDPortfolio.testCases.Employer_Student_Prog_Detail_Page_ETS06@22555ebf]" started-at="2022-07-13T12:14:37 NPT" name="viewParticularStudent" finished-at="2022-07-13T12:15:08 NPT" duration-ms="30992" status="PASS">
          <reporter-output>
          </reporter-output>
        </test-method> <!-- viewParticularStudent -->
        <test-method is-config="true" signature="checkStatus(java.lang.reflect.Method,org.testng.ITestResult)[pri:0, instance:com.connectEDPortfolio.testCases.Employer_Student_Prog_Detail_Page_ETS06@22555ebf]" started-at="2022-07-13T12:15:08 NPT" name="checkStatus" finished-at="2022-07-13T12:15:08 NPT" duration-ms="3" status="PASS">
          <params>
            <param index="0">
              <value>
                <![CDATA[public void com.connectEDPortfolio.testCases.Employer_Student_Prog_Detail_Page_ETS06.viewParticularStudent() throws java.lang.InterruptedException]]>
              </value>
            </param>
            <param index="1">
              <value>
                <![CDATA[[TestResult name=viewParticularStudent status=SUCCESS method=Employer_Student_Prog_Detail_Page_ETS06.viewParticularStudent()[pri:0, instance:com.connectEDPortfolio.testCases.Employer_Student_Prog_Detail_Page_ETS06@22555ebf] output={null}]]]>
              </value>
            </param>
          </params>
          <reporter-output>
          </reporter-output>
        </test-method> <!-- checkStatus -->
        <test-method signature="verifyStudentProgDetailPage()[pri:1, instance:com.connectEDPortfolio.testCases.Employer_Student_Prog_Detail_Page_ETS06@22555ebf]" started-at="2022-07-13T12:15:08 NPT" name="verifyStudentProgDetailPage" finished-at="2022-07-13T12:15:28 NPT" duration-ms="20690" status="PASS">
          <reporter-output>
          </reporter-output>
        </test-method> <!-- verifyStudentProgDetailPage -->
        <test-method is-config="true" signature="checkStatus(java.lang.reflect.Method,org.testng.ITestResult)[pri:0, instance:com.connectEDPortfolio.testCases.Employer_Student_Prog_Detail_Page_ETS06@22555ebf]" started-at="2022-07-13T12:15:28 NPT" name="checkStatus" finished-at="2022-07-13T12:15:28 NPT" duration-ms="3" status="PASS">
          <params>
            <param index="0">
              <value>
                <![CDATA[public void com.connectEDPortfolio.testCases.Employer_Student_Prog_Detail_Page_ETS06.verifyStudentProgDetailPage() throws java.lang.InterruptedException]]>
              </value>
            </param>
            <param index="1">
              <value>
                <![CDATA[[TestResult name=verifyStudentProgDetailPage status=SUCCESS method=Employer_Student_Prog_Detail_Page_ETS06.verifyStudentProgDetailPage()[pri:1, instance:com.connectEDPortfolio.testCases.Employer_Student_Prog_Detail_Page_ETS06@22555ebf] output={null}]]]>
              </value>
            </param>
          </params>
          <reporter-output>
          </reporter-output>
        </test-method> <!-- checkStatus -->
        <test-method is-config="true" signature="tearDown()[pri:0, instance:com.connectEDPortfolio.testCases.Employer_Student_Prog_Detail_Page_ETS06@22555ebf]" started-at="2022-07-13T12:15:28 NPT" name="tearDown" finished-at="2022-07-13T12:15:31 NPT" duration-ms="2924" status="PASS">
          <reporter-output>
          </reporter-output>
        </test-method> <!-- tearDown -->
      </class> <!-- com.connectEDPortfolio.testCases.Employer_Student_Prog_Detail_Page_ETS06 -->
    </test> <!-- Employer Student program detail page Testcase - ETS06 -->
  </suite> <!-- Testing ConnectedPortfolio -->
</testng-results>
