<?xml version="1.0" encoding="UTF-8"?>
<!-- Generated by org.testng.reporters.JUnitXMLReporter -->
<testsuite ignored="0" hostname="DESKTOP-6JB123S" failures="3" tests="4" name="Employer Create Student Testcase - ETS05" time="151.287" errors="0" timestamp="2022-07-13T10:36:59 NPT">
  <testcase classname="com.connectEDPortfolio.testCases.Employer_Create_Student_ETS05" name="addNewStudent" time="50.755">
    <failure type="java.lang.AssertionError" message="The following asserts failed:
	expected [true] but found [false]">
      <![CDATA[java.lang.AssertionError: The following asserts failed:
expected [true] but found [false]
at com.connectEDPortfolio.testCases.Employer_Create_Student_ETS05.addNewStudent(Employer_Create_Student_ETS05.java:131)
at java.base/java.util.ArrayList.forEach(ArrayList.java:1511)
... Removed 27 stack frames]]>
    </failure>
  </testcase> <!-- addNewStudent -->
  <testcase classname="com.connectEDPortfolio.testCases.Employer_Create_Student_ETS05" name="assignProgToExistingStu" time="52.646">
    <failure type="java.lang.AssertionError" message="The following asserts failed:
	expected [true] but found [false]">
      <![CDATA[java.lang.AssertionError: The following asserts failed:
expected [true] but found [false]
at com.connectEDPortfolio.testCases.Employer_Create_Student_ETS05.assignProgToExistingStu(Employer_Create_Student_ETS05.java:252)
at java.base/java.util.ArrayList.forEach(ArrayList.java:1511)
... Removed 27 stack frames]]>
    </failure>
  </testcase> <!-- assignProgToExistingStu -->
  <testcase classname="com.connectEDPortfolio.testCases.Employer_Create_Student_ETS05" name="addStudentNegativeTest" time="30.341"/>
  <testcase classname="com.connectEDPortfolio.testCases.Employer_Create_Student_ETS05" name="bulkImportStudent" time="16.97">
    <failure type="java.lang.AssertionError" message="The following asserts failed:
	expected [true] but found [false]">
      <![CDATA[java.lang.AssertionError: The following asserts failed:
expected [true] but found [false]
at com.connectEDPortfolio.testCases.Employer_Create_Student_ETS05.bulkImportStudent(Employer_Create_Student_ETS05.java:418)
at java.base/java.util.ArrayList.forEach(ArrayList.java:1511)
... Removed 27 stack frames]]>
    </failure>
  </testcase> <!-- bulkImportStudent -->
</testsuite> <!-- Employer Create Student Testcase - ETS05 -->
