<?xml version="1.0" encoding="UTF-8"?>
<!-- Generated by org.testng.reporters.JUnitXMLReporter -->
<testsuite ignored="1" hostname="DESKTOP-6JB123S" failures="0" tests="1" name="Employer Login Test" time="18.145" errors="0" timestamp="2022-07-12T17:39:35 NPT">
  <testcase classname="com.connectEDPortfolio.testCases.Employer_Login" name="positiveLoginTestCase" time="18.078"/>
  <testcase classname="com.connectEDPortfolio.testCases.Employer_Login" name="negativeLoginTestCase" time="0.0">
    <ignored/>
  </testcase> <!-- negativeLoginTestCase -->
</testsuite> <!-- Employer Login Test -->
