<?xml version="1.0" encoding="UTF-8"?>
<!-- Generated by org.testng.reporters.JUnitXMLReporter -->
<testsuite ignored="0" hostname="DESKTOP-6JB123S" failures="0" tests="2" name="Employer Student program detail page Testcase - ETS06" time="51.7" errors="0" timestamp="2022-07-13T12:15:28 NPT">
  <testcase classname="com.connectEDPortfolio.testCases.Employer_Student_Prog_Detail_Page_ETS06" name="viewParticularStudent" time="30.992"/>
  <testcase classname="com.connectEDPortfolio.testCases.Employer_Student_Prog_Detail_Page_ETS06" name="verifyStudentProgDetailPage" time="20.69"/>
</testsuite> <!-- Employer Student program detail page Testcase - ETS06 -->
