<?xml version="1.0" encoding="UTF-8"?>
<!-- Generated by org.testng.reporters.JUnitXMLReporter -->
<testsuite ignored="0" hostname="DESKTOP-6JB123S" failures="0" tests="2" name="Employer Student program detail page Testcase - ETS06" time="52.836" errors="0" timestamp="2022-07-12T16:40:11 NPT">
  <testcase classname="com.connectEDPortfolio.testCases.Employer_Student_Prog_Detail_Page_ETS06" name="viewParticularStudent" time="29.798"/>
  <testcase classname="com.connectEDPortfolio.testCases.Employer_Student_Prog_Detail_Page_ETS06" name="verifyStudentProgDetailPage" time="23.016"/>
</testsuite> <!-- Employer Student program detail page Testcase - ETS06 -->
