<?xml version="1.0" encoding="UTF-8"?>
<!-- Generated by org.testng.reporters.JUnitXMLReporter -->
<testsuite ignored="0" hostname="DESKTOP-6JB123S" failures="0" tests="4" name="Employer Create Student Testcase - ETS05" time="131.719" errors="0" timestamp="2022-07-08T15:01:36 NPT">
  <testcase classname="com.connectEDPortfolio.testCases.Employer_Create_Student_ETS05" name="addNewStudent" time="51.136"/>
  <testcase classname="com.connectEDPortfolio.testCases.Employer_Create_Student_ETS05" name="assignProgToExistingStu" time="41.943"/>
  <testcase classname="com.connectEDPortfolio.testCases.Employer_Create_Student_ETS05" name="addStudentNegativeTest" time="15.755"/>
  <testcase classname="com.connectEDPortfolio.testCases.Employer_Create_Student_ETS05" name="bulkImportStudent" time="22.861"/>
</testsuite> <!-- Employer Create Student Testcase - ETS05 -->
