<?xml version="1.0" encoding="UTF-8"?>
<!-- Generated by org.testng.reporters.JUnitXMLReporter -->
<testsuite ignored="0" hostname="DESKTOP-6JB123S" failures="3" tests="4" name="Employer Create Student Testcase - ETS05" time="142.397" errors="0" timestamp="2022-07-13T12:14:37 NPT">
  <testcase classname="com.connectEDPortfolio.testCases.Employer_Create_Student_ETS05" name="addNewStudent" time="50.39">
    <failure type="java.lang.AssertionError" message="The following asserts failed:
	expected [true] but found [false]">
      <![CDATA[java.lang.AssertionError: The following asserts failed:
expected [true] but found [false]
at com.connectEDPortfolio.testCases.Employer_Create_Student_ETS05.addNewStudent(Employer_Create_Student_ETS05.java:131)
at java.base/java.util.ArrayList.forEach(ArrayList.java:1511)
... Removed 27 stack frames]]>
    </failure>
  </testcase> <!-- addNewStudent -->
  <testcase classname="com.connectEDPortfolio.testCases.Employer_Create_Student_ETS05" name="assignProgToExistingStu" time="52.95">
    <failure type="java.lang.AssertionError" message="The following asserts failed:
	expected [true] but found [false]">
      <![CDATA[java.lang.AssertionError: The following asserts failed:
expected [true] but found [false]
at com.connectEDPortfolio.testCases.Employer_Create_Student_ETS05.assignProgToExistingStu(Employer_Create_Student_ETS05.java:252)
at java.base/java.util.ArrayList.forEach(ArrayList.java:1511)
... Removed 27 stack frames]]>
    </failure>
  </testcase> <!-- assignProgToExistingStu -->
  <testcase classname="com.connectEDPortfolio.testCases.Employer_Create_Student_ETS05" name="addStudentNegativeTest" time="37.324"/>
  <testcase classname="com.connectEDPortfolio.testCases.Employer_Create_Student_ETS05" name="bulkImportStudent" time="1.133">
    <failure type="org.openqa.selenium.ElementClickInterceptedException" message="element click intercepted: Element &amp;lt;a href=&amp;quot;/employer/student/bulk-import&amp;quot; class=&amp;quot;common-button btn-info heading-lg-btn-2&amp;quot;&amp;gt;...&amp;lt;/a&amp;gt; is not clickable at point (1125, 18). Other element would receive the click: &amp;lt;li class=&amp;quot;dropdown&amp;quot;&amp;gt;...&amp;lt;/li&amp;gt;
  (Session info: chrome=103.0.5060.114)
Build info: version: &amp;apos;4.1.3&amp;apos;, revision: &amp;apos;7b1ebf28ef&amp;apos;
System info: host: &amp;apos;DESKTOP-6JB123S&amp;apos;, ip: &amp;apos;192.168.18.5&amp;apos;, os.name: &amp;apos;Windows 10&amp;apos;, os.arch: &amp;apos;amd64&amp;apos;, os.version: &amp;apos;10.0&amp;apos;, java.version: &amp;apos;18.0.1&amp;apos;
Driver info: org.openqa.selenium.chrome.ChromeDriver
Command: [35dfe220ccda228acdbdc0101e5beb7e, clickElement {id=73fa8eb1-d255-4dd3-b90b-806940d1679e}]
Capabilities {acceptInsecureCerts: false, browserName: chrome, browserVersion: 103.0.5060.114, chrome: {chromedriverVersion: 102.0.5005.61 (0e59bcc00cc4..., userDataDir: C:\Users\Dell\AppData\Local...}, goog:chromeOptions: {debuggerAddress: localhost:28607}, javascriptEnabled: true, networkConnectionEnabled: false, pageLoadStrategy: normal, platform: WINDOWS, platformName: WINDOWS, proxy: Proxy(), se:cdp: ws://localhost:28607/devtoo..., se:cdpVersion: 103.0.5060.114, setWindowRect: true, strictFileInteractability: false, timeouts: {implicit: 0, pageLoad: 300000, script: 30000}, unhandledPromptBehavior: dismiss and notify, webauthn:extension:credBlob: true, webauthn:extension:largeBlob: true, webauthn:virtualAuthenticators: true}
Element: [[ChromeDriver: chrome on WINDOWS (35dfe220ccda228acdbdc0101e5beb7e)] -&amp;gt; xpath: //a[contains(text(),&amp;apos;Bulk Import&amp;apos;)]]
Session ID: 35dfe220ccda228acdbdc0101e5beb7e">
      <![CDATA[org.openqa.selenium.ElementClickInterceptedException: element click intercepted: Element <a href="/employer/student/bulk-import" class="common-button btn-info heading-lg-btn-2">...</a> is not clickable at point (1125, 18). Other element would receive the click: <li class="dropdown">...</li>
  (Session info: chrome=103.0.5060.114)
Build info: version: '4.1.3', revision: '7b1ebf28ef'
System info: host: 'DESKTOP-6JB123S', ip: '192.168.18.5', os.name: 'Windows 10', os.arch: 'amd64', os.version: '10.0', java.version: '18.0.1'
Driver info: org.openqa.selenium.chrome.ChromeDriver
Command: [35dfe220ccda228acdbdc0101e5beb7e, clickElement {id=73fa8eb1-d255-4dd3-b90b-806940d1679e}]
Capabilities {acceptInsecureCerts: false, browserName: chrome, browserVersion: 103.0.5060.114, chrome: {chromedriverVersion: 102.0.5005.61 (0e59bcc00cc4..., userDataDir: C:\Users\Dell\AppData\Local...}, goog:chromeOptions: {debuggerAddress: localhost:28607}, javascriptEnabled: true, networkConnectionEnabled: false, pageLoadStrategy: normal, platform: WINDOWS, platformName: WINDOWS, proxy: Proxy(), se:cdp: ws://localhost:28607/devtoo..., se:cdpVersion: 103.0.5060.114, setWindowRect: true, strictFileInteractability: false, timeouts: {implicit: 0, pageLoad: 300000, script: 30000}, unhandledPromptBehavior: dismiss and notify, webauthn:extension:credBlob: true, webauthn:extension:largeBlob: true, webauthn:virtualAuthenticators: true}
Element: [[ChromeDriver: chrome on WINDOWS (35dfe220ccda228acdbdc0101e5beb7e)] -> xpath: //a[contains(text(),'Bulk Import')]]
Session ID: 35dfe220ccda228acdbdc0101e5beb7e
at org.openqa.selenium.remote.codec.w3c.W3CHttpResponseCodec.createException(W3CHttpResponseCodec.java:200)
at org.openqa.selenium.remote.codec.w3c.W3CHttpResponseCodec.decode(W3CHttpResponseCodec.java:133)
at org.openqa.selenium.remote.codec.w3c.W3CHttpResponseCodec.decode(W3CHttpResponseCodec.java:53)
at org.openqa.selenium.remote.HttpCommandExecutor.execute(HttpCommandExecutor.java:184)
at org.openqa.selenium.remote.service.DriverCommandExecutor.invokeExecute(DriverCommandExecutor.java:167)
at org.openqa.selenium.remote.service.DriverCommandExecutor.execute(DriverCommandExecutor.java:142)
at org.openqa.selenium.remote.RemoteWebDriver.execute(RemoteWebDriver.java:567)
at org.openqa.selenium.remote.RemoteWebElement.execute(RemoteWebElement.java:251)
at org.openqa.selenium.remote.RemoteWebElement.click(RemoteWebElement.java:77)
at com.connectEDPortfolio.testCases.Employer_Create_Student_ETS05.bulkImportStudent(Employer_Create_Student_ETS05.java:390)
at java.base/java.util.ArrayList.forEach(ArrayList.java:1511)
... Removed 28 stack frames]]>
    </failure>
  </testcase> <!-- bulkImportStudent -->
</testsuite> <!-- Employer Create Student Testcase - ETS05 -->
