<?xml version="1.0" encoding="UTF-8"?>
<!-- Generated by org.testng.reporters.JUnitXMLReporter -->
<testsuite ignored="0" hostname="DESKTOP-6JB123S" failures="0" tests="6" name="features from Student Page of Employer test- ETS04" time="95.459" errors="0" timestamp="2022-07-12T11:09:31 NPT">
  <testcase classname="com.connectEDPortfolio.testCases.Employer_Student_Page" name="goToStudentPage" time="5.137"/>
  <testcase classname="com.connectEDPortfolio.testCases.Employer_Student_Page" name="searchStudent" time="6.004"/>
  <testcase classname="com.connectEDPortfolio.testCases.Employer_Student_Page" name="filterStudentByProgName" time="11.706"/>
  <testcase classname="com.connectEDPortfolio.testCases.Employer_Student_Page" name="viewProgressBtnFromModal" time="10.729"/>
  <testcase classname="com.connectEDPortfolio.testCases.Employer_Student_Page" name="editStudent" time="54.27"/>
  <testcase classname="com.connectEDPortfolio.testCases.Employer_Student_Page" name="deleteStudent" time="7.571"/>
</testsuite> <!-- features from Student Page of Employer test- ETS04 -->
