<?xml version="1.0" encoding="UTF-8"?>
<!-- Generated by org.testng.reporters.JUnitXMLReporter -->
<testsuite ignored="2" hostname="DESKTOP-6JB123S" failures="0" tests="3" name="Regression Test" time="83.997" errors="0" timestamp="2022-06-24T11:41:51 NPT">
  <testcase classname="com.connectEDPortfolio.testCases.Employer_Login" name="negativeLoginTestCase" time="31.22"/>
  <testcase classname="com.connectEDPortfolio.testCases.Employer_Login" name="positiveLoginTestCase" time="18.23"/>
  <testcase classname="com.connectEDPortfolio.testCases.Employer_HomePage" name="homePageVerification" time="34.477"/>
  <testcase classname="com.connectEDPortfolio.testCases.BaseClass" name="@BeforeSuite setup" time="0.0">
    <ignored/>
  </testcase> <!-- @BeforeSuite setup -->
  <testcase classname="com.connectEDPortfolio.testCases.BaseClass" name="@AfterSuite tearDown" time="0.0">
    <ignored/>
  </testcase> <!-- @AfterSuite tearDown -->
</testsuite> <!-- Regression Test -->
